\BOOKMARK [0][]{titlepage.0}{\376\377\134\001\227\142}{}% 1
\BOOKMARK [0][]{entitlepage.0}{\376\377\000T\000i\000t\000l\000e\000\040\000p\000a\000g\000e}{}% 2
\BOOKMARK [0][]{statement.0}{\376\377\123\237\122\033\140\047\130\360\146\016}{}% 3
\BOOKMARK [0][]{Doc-Start}{\376\377\133\146\117\115\213\272\145\207\123\237\122\033\140\047\130\360\146\016\124\214\133\146\117\115\213\272\145\207\162\110\147\103\117\177\165\050\143\210\147\103\116\146}{}% 4
\BOOKMARK [0][]{hnuchapter.1.0}{\376\377\166\356\000\040\137\125}{}% 5
\BOOKMARK [0][]{hnuchapter.2.0}{\376\377\143\322\126\376\175\042\137\025}{}% 6
\BOOKMARK [0][]{chapter*.2}{\376\377\143\322\126\376\175\042\137\025}{}% 7
\BOOKMARK [0][]{hnuchapter.3.0}{\376\377\226\104\210\150\175\042\137\025}{}% 8
\BOOKMARK [0][]{chapter*.3}{\376\377\226\104\210\150\175\042\137\025}{}% 9
\BOOKMARK [0][]{hnuchapter.4.0}{\376\377\144\130\000\040\211\201}{}% 10
\BOOKMARK [0][]{chapter*.4}{\376\377\144\130\000\040\211\201}{}% 11
\BOOKMARK [0][]{hnuchapter.5.0}{\376\377\000A\000b\000s\000t\000r\000a\000c\000t}{}% 12
\BOOKMARK [0][]{chapter*.5}{\376\377\000A\000b\000s\000t\000r\000a\000c\000t}{}% 13
\BOOKMARK [0][]{chapter.1}{\376\377\173\054\0001\172\340\000\040\000\040\176\352\000\040\213\272}{}% 14
\BOOKMARK [1][-]{section.1.1}{\376\377\0001\000.\0001\000\040\131\032\150\070\174\373\176\337\151\202\217\360}{chapter.1}% 15
\BOOKMARK [2][-]{subsection.1.1.1}{\376\377\0001\000.\0001\000.\0001\000\040\131\032\150\070\117\123\174\373\176\323\147\204}{section.1.1}% 16
\BOOKMARK [2][-]{subsection.1.1.2}{\376\377\0001\000.\0001\000.\0002\000\040\131\032\150\070\174\373\176\337\166\204\177\023\133\130\116\000\201\364\140\047}{section.1.1}% 17
\BOOKMARK [1][-]{section.1.2}{\376\377\0001\000.\0002\000\040\213\376\230\230\170\024\172\166\200\314\146\157\123\312\141\017\116\111}{chapter.1}% 18
\BOOKMARK [2][-]{subsection.1.2.1}{\376\377\0001\000.\0002\000.\0001\000\040\136\166\123\321\124\310\136\014\210\150\166\204\140\047\200\375\213\304\117\060}{section.1.2}% 19
\BOOKMARK [2][-]{subsection.1.2.2}{\376\377\0001\000.\0002\000.\0002\000\040\136\166\123\321\124\310\136\014\210\150\166\204\213\276\213\241}{section.1.2}% 20
\BOOKMARK [2][-]{subsection.1.2.3}{\376\377\0001\000.\0002\000.\0003\000\040\124\310\136\014\210\150\116\016\136\003\226\206\217\307\156\344\126\150}{section.1.2}% 21
\BOOKMARK [1][-]{section.1.3}{\376\377\0001\000.\0003\000\040\147\054\145\207\116\073\211\201\135\345\117\134}{chapter.1}% 22
\BOOKMARK [1][-]{section.1.4}{\376\377\0001\000.\0004\000\040\147\054\145\207\176\304\176\307\176\323\147\204}{chapter.1}% 23
\BOOKMARK [0][]{chapter.2}{\376\377\173\054\0002\172\340\000\040\000\040\136\166\123\321\124\310\136\014\210\150\166\204\166\370\121\163\170\024\172\166}{}% 24
\BOOKMARK [1][-]{section.2.1}{\376\377\0002\000.\0001\000\040\124\310\136\014\210\150\151\202\217\360}{chapter.2}% 25
\BOOKMARK [2][-]{subsection.2.1.1}{\376\377\0002\000.\0001\000.\0001\000\040\166\370\121\163\151\202\137\365}{section.2.1}% 26
\BOOKMARK [2][-]{subsection.2.1.2}{\376\377\0002\000.\0001\000.\0002\000\040\124\310\136\014\121\375\145\160}{section.2.1}% 27
\BOOKMARK [2][-]{subsection.2.1.3}{\376\377\0002\000.\0001\000.\0003\000\040\124\310\136\014\121\262\172\201\131\004\164\006}{section.2.1}% 28
\BOOKMARK [1][-]{section.2.2}{\376\377\0002\000.\0002\000\040\127\372\116\216\217\157\116\366\142\200\147\057\166\204\124\014\153\145\145\271\154\325\170\024\172\166}{chapter.2}% 29
\BOOKMARK [2][-]{subsection.2.2.1}{\376\377\0002\000.\0002\000.\0001\000\040\226\073\130\136\142\200\147\057}{section.2.2}% 30
\BOOKMARK [2][-]{subsection.2.2.2}{\376\377\0002\000.\0002\000.\0002\000\040\134\117\226\234\142\200\147\057}{section.2.2}% 31
\BOOKMARK [2][-]{subsection.2.2.3}{\376\377\0002\000.\0002\000.\0003\000\040\145\340\226\073\130\136\142\200\147\057}{section.2.2}% 32
\BOOKMARK [1][-]{section.2.3}{\376\377\0002\000.\0003\000\040\000N\000U\000M\000A\147\266\147\204\121\205\133\130\173\241\164\006\166\370\121\163\170\024\172\166}{chapter.2}% 33
\BOOKMARK [2][-]{subsection.2.3.1}{\376\377\0002\000.\0003\000.\0001\000\040\176\277\172\013\116\016\131\004\164\006\126\150\121\205\150\070\166\204\121\163\200\124}{section.2.3}% 34
\BOOKMARK [2][-]{subsection.2.3.2}{\376\377\0002\000.\0003\000.\0002\000\040\000N\000U\000M\000A\174\373\176\337\166\204\227\136\133\371\171\360\116\222\217\336}{section.2.3}% 35
\BOOKMARK [1][-]{section.2.4}{\376\377\0002\000.\0004\000\040\116\213\122\241\121\205\133\130\166\370\121\163\170\024\172\166}{chapter.2}% 36
\BOOKMARK [2][-]{subsection.2.4.1}{\376\377\0002\000.\0004\000.\0001\000\040\133\236\163\260\116\213\122\241\121\205\133\130\166\204\166\370\121\163\142\200\147\057}{section.2.4}% 37
\BOOKMARK [2][-]{subsection.2.4.2}{\376\377\0002\000.\0004\000.\0002\000\040\127\372\116\216\116\213\122\241\121\205\133\130\166\204\136\166\123\321\145\160\143\156\176\323\147\204}{section.2.4}% 38
\BOOKMARK [1][-]{section.2.5}{\376\377\0002\000.\0005\000\040\136\003\226\206\217\307\156\344\126\150}{chapter.2}% 39
\BOOKMARK [1][-]{section.2.6}{\376\377\0002\000.\0006\000\040\147\054\172\340\134\017\176\323}{chapter.2}% 40
\BOOKMARK [0][]{chapter.3}{\376\377\173\054\0003\172\340\000\040\000\040\127\372\116\216\131\032\150\070\174\373\176\337\166\204\136\166\123\321\124\310\136\014\210\150\166\204\213\304\117\060\116\016\122\006\147\220}{}% 41
\BOOKMARK [1][-]{section.3.1}{\376\377\0003\000.\0001\000\040\133\236\163\260\136\166\123\321\124\310\136\014\210\150\166\204\124\014\153\145\145\271\154\325\153\324\217\203}{chapter.3}% 42
\BOOKMARK [1][-]{section.3.2}{\376\377\0003\000.\0002\000\040\121\170\127\213\166\204\136\166\123\321\124\310\136\014\210\150}{chapter.3}% 43
\BOOKMARK [2][-]{subsection.3.2.1}{\376\377\0003\000.\0002\000.\0001\000\040\177\023\133\130\210\114\124\310\136\014\210\150}{section.3.2}% 44
\BOOKMARK [2][-]{subsection.3.2.2}{\376\377\0003\000.\0002\000.\0002\000\040\000C\000u\000c\000k\000o\000o\124\310\136\014\210\150}{section.3.2}% 45
\BOOKMARK [2][-]{subsection.3.2.3}{\376\377\0003\000.\0002\000.\0003\000\040\000H\000o\000p\000s\000c\000o\000t\000c\000h\124\310\136\014\210\150}{section.3.2}% 46
\BOOKMARK [2][-]{subsection.3.2.4}{\376\377\0003\000.\0002\000.\0004\000\040\127\372\116\216\000R\000C\000U\147\072\122\066\166\204\124\310\136\014\210\150}{section.3.2}% 47
\BOOKMARK [2][-]{subsection.3.2.5}{\376\377\0003\000.\0002\000.\0005\000\040\127\372\116\216\176\277\172\013\147\204\136\372\152\041\127\127\166\204\124\310\136\014\210\150}{section.3.2}% 48
\BOOKMARK [1][-]{section.3.3}{\376\377\0003\000.\0003\000\040\176\337\116\000\166\204\215\350\136\163\123\360\136\166\123\321\124\310\136\014\210\150\155\113\213\325\150\106\147\266\166\204\213\276\213\241}{chapter.3}% 49
\BOOKMARK [2][-]{subsection.3.3.1}{\376\377\0003\000.\0003\000.\0001\000\040\123\302\145\160\213\364\146\016}{section.3.3}% 50
\BOOKMARK [2][-]{subsection.3.3.2}{\376\377\0003\000.\0003\000.\0002\000\040\155\113\213\325\220\073\217\221}{section.3.3}% 51
\BOOKMARK [2][-]{subsection.3.3.3}{\376\377\0003\000.\0003\000.\0003\000\040\136\366\217\337\155\113\221\317\135\345\121\167}{section.3.3}% 52
\BOOKMARK [1][-]{section.3.4}{\376\377\0003\000.\0004\000\040\136\166\123\321\124\310\136\014\210\150\166\204\213\304\117\060\116\016\122\006\147\220}{chapter.3}% 53
\BOOKMARK [2][-]{subsection.3.4.1}{\376\377\0003\000.\0004\000.\0001\000\040\155\113\213\325\136\163\123\360\116\016\221\115\177\156}{section.3.4}% 54
\BOOKMARK [2][-]{subsection.3.4.2}{\376\377\0003\000.\0004\000.\0002\000\040\176\277\172\013\142\151\134\125\140\047}{section.3.4}% 55
\BOOKMARK [2][-]{subsection.3.4.3}{\376\377\0003\000.\0004\000.\0003\000\040\146\364\145\260\153\324\221\315\133\371\140\047\200\375\166\204\137\161\124\315}{section.3.4}% 56
\BOOKMARK [2][-]{subsection.3.4.4}{\376\377\0003\000.\0004\000.\0004\000\040\177\023\133\130\116\016\116\073\133\130}{section.3.4}% 57
\BOOKMARK [2][-]{subsection.3.4.5}{\376\377\0003\000.\0004\000.\0005\000\040\144\315\117\134\136\366\217\337}{section.3.4}% 58
\BOOKMARK [2][-]{subsection.3.4.6}{\376\377\0003\000.\0004\000.\0006\000\040\176\277\172\013\176\321\133\232\145\271\150\110\166\204\137\161\124\315}{section.3.4}% 59
\BOOKMARK [2][-]{subsection.3.4.7}{\376\377\0003\000.\0004\000.\0007\000\040\124\014\153\145}{section.3.4}% 60
\BOOKMARK [2][-]{subsection.3.4.8}{\376\377\0003\000.\0004\000.\0008\000\040\121\205\133\130\155\210\200\027}{section.3.4}% 61
\BOOKMARK [1][-]{section.3.5}{\376\377\0003\000.\0005\000\040\147\054\172\340\134\017\176\323}{chapter.3}% 62
\BOOKMARK [0][]{chapter.4}{\376\377\173\054\0004\172\340\000\040\000\040\127\372\116\216\170\154\116\366\116\213\122\241\121\205\133\130\166\204\136\166\123\321\124\310\136\014\210\150\166\204\133\236\163\260}{}% 63
\BOOKMARK [1][-]{section.4.1}{\376\377\0004\000.\0001\000\040\116\213\122\241\121\205\133\130\166\204\127\372\147\054\151\202\137\365}{chapter.4}% 64
\BOOKMARK [1][-]{section.4.2}{\376\377\0004\000.\0002\000\040\000I\000n\000t\000e\000l\116\213\122\241\124\014\153\145\142\151\134\125}{chapter.4}% 65
\BOOKMARK [2][-]{subsection.4.2.1}{\376\377\0004\000.\0002\000.\0001\000\040\000I\000n\000t\000e\000l\170\154\116\366\225\001\167\001\165\145}{section.4.2}% 66
\BOOKMARK [2][-]{subsection.4.2.2}{\376\377\0004\000.\0002\000.\0002\000\040\000I\000n\000t\000e\000l\226\120\122\066\140\047\116\213\122\241\121\205\133\130}{section.4.2}% 67
\BOOKMARK [2][-]{subsection.4.2.3}{\376\377\0004\000.\0002\000.\0003\000\040\000T\000S\000X\166\204\000L\000e\000m\000m\000i\000n\000g\145\110\136\224}{section.4.2}% 68
\BOOKMARK [1][-]{section.4.3}{\376\377\0004\000.\0003\000\040\217\157\116\366\117\030\123\026\166\204\170\154\116\366\225\001\167\001\165\145\142\200\147\057}{chapter.4}% 69
\BOOKMARK [2][-]{subsection.4.3.1}{\376\377\0004\000.\0003\000.\0001\000\040\217\157\116\366\217\205\122\251\166\204\170\154\116\366\225\001\122\040\226\144\145\271\154\325}{section.4.3}% 70
\BOOKMARK [2][-]{subsection.4.3.2}{\376\377\0004\000.\0003\000.\0002\000\040\217\157\116\366\217\205\122\251\166\204\121\262\172\201\150\300\155\113\145\271\154\325}{section.4.3}% 71
\BOOKMARK [1][-]{section.4.4}{\376\377\0004\000.\0004\000\040\127\372\116\216\000H\000T\000M\166\204\136\166\123\321\124\310\136\014\210\150\166\204\213\276\213\241}{chapter.4}% 72
\BOOKMARK [2][-]{subsection.4.4.1}{\376\377\0004\000.\0004\000.\0001\000\040\225\356\230\230\137\025\121\145}{section.4.4}% 73
\BOOKMARK [2][-]{subsection.4.4.2}{\376\377\0004\000.\0004\000.\0002\000\040\177\023\133\130\210\114\124\310\136\014\123\237\127\213\143\317\217\360}{section.4.4}% 74
\BOOKMARK [2][-]{subsection.4.4.3}{\376\377\0004\000.\0004\000.\0003\000\040\127\372\116\216\217\157\116\366\117\030\123\026\145\271\154\325\166\204\122\240\225\001\124\214\211\343\225\001\143\317\217\360}{section.4.4}% 75
\BOOKMARK [2][-]{subsection.4.4.4}{\376\377\0004\000.\0004\000.\0004\000\040\127\372\116\216\000R\000T\000M\166\204\136\166\123\321\124\310\136\014\210\150\133\236\163\260}{section.4.4}% 76
\BOOKMARK [1][-]{section.4.5}{\376\377\0004\000.\0005\000\040\140\047\200\375\213\304\116\367}{chapter.4}% 77
\BOOKMARK [2][-]{subsection.4.5.1}{\376\377\0004\000.\0005\000.\0001\000\040\155\113\213\325\136\163\123\360\124\214\123\302\145\160\213\276\177\156}{section.4.5}% 78
\BOOKMARK [2][-]{subsection.4.5.2}{\376\377\0004\000.\0005\000.\0002\000\040\127\372\116\216\000H\000T\000M\166\204\174\227\174\222\136\246\225\001\133\236\163\260\116\016\176\306\174\222\136\246\225\001\000C\000L\000H\000T\000-\000l\000b\166\204\153\324\217\203}{section.4.5}% 79
\BOOKMARK [2][-]{subsection.4.5.3}{\376\377\0004\000.\0005\000.\0003\000\040\116\015\124\014\166\204\121\150\134\100\225\001\145\271\150\110\116\113\225\364\166\204\153\324\217\203}{section.4.5}% 80
\BOOKMARK [2][-]{subsection.4.5.4}{\376\377\0004\000.\0005\000.\0004\000\040\127\372\116\216\000H\000T\000M\166\204\176\306\174\222\136\246\225\001\133\236\163\260\116\016\117\040\176\337\176\306\174\222\136\246\145\271\154\325\166\204\153\324\217\203}{section.4.5}% 81
\BOOKMARK [2][-]{subsection.4.5.5}{\376\377\0004\000.\0005\000.\0005\000\040\137\161\124\315\000H\000T\000M\140\047\200\375\166\204\126\340\175\040\122\006\147\220}{section.4.5}% 82
\BOOKMARK [1][-]{section.4.6}{\376\377\0004\000.\0006\000\040\147\054\172\340\134\017\176\323}{chapter.4}% 83
\BOOKMARK [0][]{chapter.5}{\376\377\173\054\0005\172\340\000\040\000\040\145\057\143\001\122\250\140\001\146\364\145\260\166\204\136\166\123\321\000C\000u\000c\000k\000o\000o\217\307\156\344\126\150\213\276\213\241}{}% 84
\BOOKMARK [1][-]{section.5.1}{\376\377\0005\000.\0001\000\040\136\003\226\206\217\307\156\344\126\150}{chapter.5}% 85
\BOOKMARK [2][-]{subsection.5.1.1}{\376\377\0005\000.\0001\000.\0001\000\040\127\372\147\054\123\237\164\006}{section.5.1}% 86
\BOOKMARK [2][-]{subsection.5.1.2}{\376\377\0005\000.\0001\000.\0002\000\040\213\357\122\044\163\207\117\060\213\241}{section.5.1}% 87
\BOOKMARK [2][-]{subsection.5.1.3}{\376\377\0005\000.\0001\000.\0003\000\040\147\000\117\030\124\310\136\014\121\375\145\160\116\052\145\160}{section.5.1}% 88
\BOOKMARK [2][-]{subsection.5.1.4}{\376\377\0005\000.\0001\000.\0004\000\040\147\000\117\030\117\115\145\160\176\304\225\177\136\246}{section.5.1}% 89
\BOOKMARK [1][-]{section.5.2}{\376\377\0005\000.\0002\000\040\000C\000u\000c\000k\000o\000o\217\307\156\344\126\150\166\204\123\302\145\160}{chapter.5}% 90
\BOOKMARK [2][-]{subsection.5.2.1}{\376\377\0005\000.\0002\000.\0001\000\040\143\007\176\271\117\341\140\157\166\204\225\177\136\246}{section.5.2}% 91
\BOOKMARK [2][-]{subsection.5.2.2}{\376\377\0005\000.\0002\000.\0002\000\040\172\172\225\364\145\110\163\207}{section.5.2}% 92
\BOOKMARK [1][-]{section.5.3}{\376\377\0005\000.\0003\000\040\136\166\123\321\000C\000u\000c\000k\000o\000o\217\307\156\344\126\150}{chapter.5}% 93
\BOOKMARK [2][-]{subsection.5.3.1}{\376\377\0005\000.\0003\000.\0001\000\040\122\240\225\001\116\016\211\343\225\001}{section.5.3}% 94
\BOOKMARK [2][-]{subsection.5.3.2}{\376\377\0005\000.\0003\000.\0002\000\040\143\322\121\145\144\315\117\134}{section.5.3}% 95
\BOOKMARK [2][-]{subsection.5.3.3}{\376\377\0005\000.\0003\000.\0003\000\040\122\040\226\144\144\315\117\134}{section.5.3}% 96
\BOOKMARK [2][-]{subsection.5.3.4}{\376\377\0005\000.\0003\000.\0004\000\040\147\345\213\342\144\315\117\134}{section.5.3}% 97
\BOOKMARK [1][-]{section.5.4}{\376\377\0005\000.\0004\000\040\140\047\200\375\117\030\123\026\116\016\213\304\117\060}{chapter.5}% 98
\BOOKMARK [2][-]{subsection.5.4.1}{\376\377\0005\000.\0004\000.\0001\000\040\140\047\200\375\117\030\123\026}{section.5.4}% 99
\BOOKMARK [2][-]{subsection.5.4.2}{\376\377\0005\000.\0004\000.\0002\000\040\140\047\200\375\213\304\117\060}{section.5.4}% 100
\BOOKMARK [1][-]{section.5.5}{\376\377\0005\000.\0005\000\040\147\054\172\340\134\017\176\323}{chapter.5}% 101
\BOOKMARK [0][]{hnuchapter.6.0}{\376\377\140\073\176\323\116\016\134\125\147\033}{}% 102
\BOOKMARK [0][]{chapter*.56}{\376\377\140\073\176\323\116\016\134\125\147\033}{}% 103
\BOOKMARK [0][]{chapter*.57}{\376\377\123\302\200\003\145\207\163\056}{}% 104
\BOOKMARK [0][]{appendix.A}{\376\377\226\104\137\125\000\040\000A\000\040\000\040\213\373\133\146\117\115\147\037\225\364\142\100\123\321\210\150\166\204\133\146\147\057\213\272\145\207}{}% 105
\BOOKMARK [0][]{appendix.B}{\376\377\226\104\137\125\000\040\000B\000\040\000\040\213\373\133\146\117\115\147\037\225\364\142\100\123\302\122\240\166\204\171\321\170\024\230\171\166\356}{}% 106
\BOOKMARK [0][]{appendix*.58}{\376\377\201\364\000\040\214\042}{}% 107
