\BOOKMARK [0][]{titlepage.0}{\376\377\134\001\227\142}{}% 1
\BOOKMARK [0][]{entitlepage.0}{\376\377\000T\000i\000t\000l\000e\000\040\000p\000a\000g\000e}{}% 2
\BOOKMARK [0][]{statement.0}{\376\377\123\237\122\033\140\047\130\360\146\016}{}% 3
\BOOKMARK [0][]{Doc-Start}{\376\377\133\146\117\115\213\272\145\207\123\237\122\033\140\047\130\360\146\016\124\214\133\146\117\115\213\272\145\207\162\110\147\103\117\177\165\050\143\210\147\103\116\146}{}% 4
\BOOKMARK [0][]{hnuchapter.1.0}{\376\377\166\356\000\040\137\125}{}% 5
\BOOKMARK [0][]{hnuchapter.2.0}{\376\377\143\322\126\376\175\042\137\025}{}% 6
\BOOKMARK [0][]{chapter*.2}{\376\377\143\322\126\376\175\042\137\025}{}% 7
\BOOKMARK [0][]{hnuchapter.3.0}{\376\377\226\104\210\150\175\042\137\025}{}% 8
\BOOKMARK [0][]{chapter*.3}{\376\377\226\104\210\150\175\042\137\025}{}% 9
\BOOKMARK [0][]{chapter.1}{\376\377\173\054\0001\172\340\000\040\000\040\136\166\123\321\136\003\234\201\131\306\217\307\156\344\126\150\213\276\213\241}{}% 10
\BOOKMARK [1][-]{section.1.1}{\376\377\0001\000.\0001\000\040\136\003\234\201\131\306\217\307\156\344\126\150}{chapter.1}% 11
\BOOKMARK [2][-]{subsection.1.1.1}{\376\377\0001\000.\0001\000.\0001\000\040\127\372\147\054\123\237\164\006}{section.1.1}% 12
\BOOKMARK [2][-]{subsection.1.1.2}{\376\377\0001\000.\0001\000.\0002\000\040\213\357\122\044\163\207\117\060\213\241}{section.1.1}% 13
\BOOKMARK [2][-]{subsection.1.1.3}{\376\377\0001\000.\0001\000.\0003\000\040\147\000\117\030\124\310\136\014\121\375\145\160\116\052\145\160}{section.1.1}% 14
\BOOKMARK [2][-]{subsection.1.1.4}{\376\377\0001\000.\0001\000.\0004\000\040\147\000\117\030\117\115\145\160\176\304\225\177\136\246}{section.1.1}% 15
\BOOKMARK [1][-]{section.1.2}{\376\377\0001\000.\0002\000\040\000C\000u\000c\000k\000o\000o\217\307\156\344\126\150}{chapter.1}% 16
\BOOKMARK [2][-]{subsection.1.2.1}{\376\377\0001\000.\0002\000.\0001\000\040\000C\000u\000c\000k\000o\000o\217\307\156\344\126\150\173\227\154\325\143\317\217\360}{section.1.2}% 17
\BOOKMARK [2][-]{subsection.1.2.2}{\376\377\0001\000.\0002\000.\0002\000\040\000C\000u\000c\000k\000o\000o\217\307\156\344\126\150\173\227\154\325}{section.1.2}% 18
\BOOKMARK [1][-]{section.1.3}{\376\377\0001\000.\0003\000\040\136\166\123\321\000C\000u\000c\000k\000o\000o\217\307\156\344\126\150}{chapter.1}% 19
\BOOKMARK [2][-]{subsection.1.3.1}{\376\377\0001\000.\0003\000.\0001\000\040}{section.1.3}% 20
\BOOKMARK [2][-]{subsection.1.3.2}{\376\377\0001\000.\0003\000.\0002\000\040}{section.1.3}% 21
\BOOKMARK [2][-]{subsection.1.3.3}{\376\377\0001\000.\0003\000.\0003\000\040}{section.1.3}% 22
\BOOKMARK [1][-]{section.1.4}{\376\377\0001\000.\0004\000\040\147\054\172\340\134\017\176\323}{chapter.1}% 23
\BOOKMARK [0][]{chapter*.8}{\376\377\123\302\200\003\145\207\163\056}{}% 24
\BOOKMARK [0][]{appendix.A}{\376\377\226\104\137\125\000\040\000A\000\040\000\040\213\373\133\146\117\115\147\037\225\364\142\100\123\321\210\150\166\204\133\146\147\057\213\272\145\207}{}% 25
\BOOKMARK [0][]{appendix.B}{\376\377\226\104\137\125\000\040\000B\000\040\000\040\213\373\133\146\117\115\147\037\225\364\142\100\123\302\122\240\166\204\171\321\170\024\230\171\166\356}{}% 26
\BOOKMARK [0][]{appendix*.9}{\376\377\201\364\000\040\214\042}{}% 27
